{"uuid":"f8f02873-6a13-4f25-95a0-272bc0a16a86","historyId":"d06873bedb7b9a9606eb080ad0c29956","testCaseId":"[engine:junit-vintage]/[runner:UI.tests.LoginTest]/[test:agodaLoginTest(UI.tests.LoginTest)]","testCaseName":"agodaLoginTest","fullName":"UI.tests.LoginTest.agodaLoginTest","labels":[{"name":"junit.platform.uniqueid","value":"[engine:junit-vintage]/[runner:UI.tests.LoginTest]/[test:agodaLoginTest(UI.tests.LoginTest)]"},{"name":"host","value":"DESKTOP-OR1PROT"},{"name":"thread","value":"10692@DESKTOP-OR1PROT.main(1)"},{"name":"framework","value":"junit-platform"},{"name":"language","value":"java"},{"name":"package","value":"UI.tests.LoginTest"},{"name":"testClass","value":"UI.tests.LoginTest"},{"name":"testMethod","value":"agodaLoginTest"},{"name":"suite","value":"UI.tests.LoginTest"}],"links":[],"name":"agodaLoginTest","status":"failed","statusDetails":{"known":false,"muted":false,"flaky":false,"message":"Multiple Failures (2 failures)\r\n\torg.openqa.selenium.remote.http.ConnectionFailedException: Unable to establish websocket connection to http://localhost:57264/devtools/browser/e49f7a53-0020-427b-9c70-39f1605d11fd\nBuild info: version: '4.2.1', revision: 'ac4d0fdd4a'\nSystem info: host: 'DESKTOP-OR1PROT', ip: '10.1.24.10', os.name: 'Windows 10', os.arch: 'amd64', os.version: '10.0', java.version: '1.8.0_342-342'\nDriver info: driver.version: ChromeDriver\r\n\tjava.lang.NullPointerException: <no message>","trace":"org.opentest4j.MultipleFailuresError: Multiple Failures (2 failures)\r\n\torg.openqa.selenium.remote.http.ConnectionFailedException: Unable to establish websocket connection to http://localhost:57264/devtools/browser/e49f7a53-0020-427b-9c70-39f1605d11fd\nBuild info: version: '4.2.1', revision: 'ac4d0fdd4a'\nSystem info: host: 'DESKTOP-OR1PROT', ip: '10.1.24.10', os.name: 'Windows 10', os.arch: 'amd64', os.version: '10.0', java.version: '1.8.0_342-342'\nDriver info: driver.version: ChromeDriver\r\n\tjava.lang.NullPointerException: <no message>\r\n\tat org.junit.vintage.engine.execution.TestRun.getStoredResultOrSuccessful(TestRun.java:200)\r\n\tat org.junit.vintage.engine.execution.RunListenerAdapter.fireExecutionFinished(RunListenerAdapter.java:248)\r\n\tat org.junit.vintage.engine.execution.RunListenerAdapter.testFinished(RunListenerAdapter.java:214)\r\n\tat org.junit.vintage.engine.execution.RunListenerAdapter.testFinished(RunListenerAdapter.java:88)\r\n\tat org.junit.runner.notification.SynchronizedRunListener.testFinished(SynchronizedRunListener.java:87)\r\n\tat org.junit.runner.notification.RunNotifier$9.notifyListener(RunNotifier.java:225)\r\n\tat org.junit.runner.notification.RunNotifier$SafeNotifier.run(RunNotifier.java:72)\r\n\tat org.junit.runner.notification.RunNotifier.fireTestFinished(RunNotifier.java:222)\r\n\tat org.junit.internal.runners.model.EachTestNotifier.fireTestFinished(EachTestNotifier.java:38)\r\n\tat org.junit.runners.ParentRunner.runLeaf(ParentRunner.java:372)\r\n\tat org.junit.runners.BlockJUnit4ClassRunner.runChild(BlockJUnit4ClassRunner.java:103)\r\n\tat org.junit.runners.BlockJUnit4ClassRunner.runChild(BlockJUnit4ClassRunner.java:63)\r\n\tat org.junit.runners.ParentRunner$4.run(ParentRunner.java:331)\r\n\tat org.junit.runners.ParentRunner$1.schedule(ParentRunner.java:79)\r\n\tat org.junit.runners.ParentRunner.runChildren(ParentRunner.java:329)\r\n\tat org.junit.runners.ParentRunner.access$100(ParentRunner.java:66)\r\n\tat org.junit.runners.ParentRunner$2.evaluate(ParentRunner.java:293)\r\n\tat org.junit.runners.ParentRunner$3.evaluate(ParentRunner.java:306)\r\n\tat org.junit.runners.ParentRunner.run(ParentRunner.java:413)\r\n\tat org.junit.runner.JUnitCore.run(JUnitCore.java:137)\r\n\tat org.junit.runner.JUnitCore.run(JUnitCore.java:115)\r\n\tat org.junit.vintage.engine.execution.RunnerExecutor.execute(RunnerExecutor.java:42)\r\n\tat org.junit.vintage.engine.VintageTestEngine.executeAllChildren(VintageTestEngine.java:80)\r\n\tat org.junit.vintage.engine.VintageTestEngine.execute(VintageTestEngine.java:72)\r\n\tat org.junit.platform.launcher.core.EngineExecutionOrchestrator.execute(EngineExecutionOrchestrator.java:107)\r\n\tat org.junit.platform.launcher.core.EngineExecutionOrchestrator.execute(EngineExecutionOrchestrator.java:88)\r\n\tat org.junit.platform.launcher.core.EngineExecutionOrchestrator.lambda$execute$0(EngineExecutionOrchestrator.java:54)\r\n\tat org.junit.platform.launcher.core.EngineExecutionOrchestrator.withInterceptedStreams(EngineExecutionOrchestrator.java:67)\r\n\tat org.junit.platform.launcher.core.EngineExecutionOrchestrator.execute(EngineExecutionOrchestrator.java:52)\r\n\tat org.junit.platform.launcher.core.DefaultLauncher.execute(DefaultLauncher.java:114)\r\n\tat org.junit.platform.launcher.core.DefaultLauncher.execute(DefaultLauncher.java:86)\r\n\tat org.junit.platform.launcher.core.DefaultLauncherSession$DelegatingLauncher.execute(DefaultLauncherSession.java:86)\r\n\tat org.junit.platform.launcher.core.SessionPerRequestLauncher.execute(SessionPerRequestLauncher.java:53)\r\n\tat com.intellij.junit5.JUnit5IdeaTestRunner.startRunnerWithArgs(JUnit5IdeaTestRunner.java:57)\r\n\tat com.intellij.rt.junit.IdeaTestRunner$Repeater$1.execute(IdeaTestRunner.java:38)\r\n\tat com.intellij.rt.execution.junit.TestsRepeater.repeat(TestsRepeater.java:11)\r\n\tat com.intellij.rt.junit.IdeaTestRunner$Repeater.startRunnerWithArgs(IdeaTestRunner.java:35)\r\n\tat com.intellij.rt.junit.JUnitStarter.prepareStreamsAndStart(JUnitStarter.java:235)\r\n\tat com.intellij.rt.junit.JUnitStarter.main(JUnitStarter.java:54)\r\n\tSuppressed: org.openqa.selenium.remote.http.ConnectionFailedException: Unable to establish websocket connection to http://localhost:57264/devtools/browser/e49f7a53-0020-427b-9c70-39f1605d11fd\nBuild info: version: '4.2.1', revision: 'ac4d0fdd4a'\nSystem info: host: 'DESKTOP-OR1PROT', ip: '10.1.24.10', os.name: 'Windows 10', os.arch: 'amd64', os.version: '10.0', java.version: '1.8.0_342-342'\nDriver info: driver.version: ChromeDriver\r\n\t\tat org.openqa.selenium.remote.http.netty.NettyWebSocket.<init>(NettyWebSocket.java:102)\r\n\t\tat org.openqa.selenium.remote.http.netty.NettyWebSocket.lambda$create$3(NettyWebSocket.java:128)\r\n\t\tat org.openqa.selenium.remote.http.netty.NettyClient.openSocket(NettyClient.java:106)\r\n\t\tat org.openqa.selenium.devtools.Connection.<init>(Connection.java:77)\r\n\t\tat org.openqa.selenium.chromium.ChromiumDriver.lambda$new$2(ChromiumDriver.java:122)\r\n\t\tat java.util.Optional.map(Optional.java:215)\r\n\t\tat org.openqa.selenium.chromium.ChromiumDriver.<init>(ChromiumDriver.java:120)\r\n\t\tat org.openqa.selenium.chrome.ChromeDriver.<init>(ChromeDriver.java:106)\r\n\t\tat org.openqa.selenium.chrome.ChromeDriver.<init>(ChromeDriver.java:93)\r\n\t\tat org.openqa.selenium.chrome.ChromeDriver.<init>(ChromeDriver.java:82)\r\n\t\tat UI.driver.DriverSingleton.getDriver(DriverSingleton.java:21)\r\n\t\tat UI.pages.BasePage.<init>(BasePage.java:23)\r\n\t\tat UI.pages.HomePage.<init>(HomePage.java:24)\r\n\t\tat UI.tests.BaseTest.openPage(BaseTest.java:13)\r\n\t\tat sun.reflect.NativeMethodAccessorImpl.invoke0(Native Method)\r\n\t\tat sun.reflect.NativeMethodAccessorImpl.invoke(NativeMethodAccessorImpl.java:62)\r\n\t\tat sun.reflect.DelegatingMethodAccessorImpl.invoke(DelegatingMethodAccessorImpl.java:43)\r\n\t\tat java.lang.reflect.Method.invoke(Method.java:498)\r\n\t\tat org.junit.runners.model.FrameworkMethod$1.runReflectiveCall(FrameworkMethod.java:59)\r\n\t\tat org.junit.internal.runners.model.ReflectiveCallable.run(ReflectiveCallable.java:12)\r\n\t\tat org.junit.runners.model.FrameworkMethod.invokeExplosively(FrameworkMethod.java:56)\r\n\t\tat org.junit.internal.runners.statements.RunBefores.invokeMethod(RunBefores.java:33)\r\n\t\tat org.junit.internal.runners.statements.RunBefores.evaluate(RunBefores.java:24)\r\n\t\tat org.junit.internal.runners.statements.RunAfters.evaluate(RunAfters.java:27)\r\n\t\tat org.junit.runners.ParentRunner$3.evaluate(ParentRunner.java:306)\r\n\t\tat org.junit.runners.BlockJUnit4ClassRunner$1.evaluate(BlockJUnit4ClassRunner.java:100)\r\n\t\tat org.junit.runners.ParentRunner.runLeaf(ParentRunner.java:366)\r\n\t\t... 29 more\r\n\tSuppressed: java.lang.NullPointerException\r\n\t\tat UI.driver.DriverSingleton.closeDriver(DriverSingleton.java:30)\r\n\t\tat UI.tests.BaseTest.finishTest(BaseTest.java:22)\r\n\t\tat sun.reflect.NativeMethodAccessorImpl.invoke0(Native Method)\r\n\t\tat sun.reflect.NativeMethodAccessorImpl.invoke(NativeMethodAccessorImpl.java:62)\r\n\t\tat sun.reflect.DelegatingMethodAccessorImpl.invoke(DelegatingMethodAccessorImpl.java:43)\r\n\t\tat java.lang.reflect.Method.invoke(Method.java:498)\r\n\t\tat org.junit.runners.model.FrameworkMethod$1.runReflectiveCall(FrameworkMethod.java:59)\r\n\t\tat org.junit.internal.runners.model.ReflectiveCallable.run(ReflectiveCallable.java:12)\r\n\t\tat org.junit.runners.model.FrameworkMethod.invokeExplosively(FrameworkMethod.java:56)\r\n\t\tat org.junit.internal.runners.statements.RunAfters.invokeMethod(RunAfters.java:46)\r\n\t\tat org.junit.internal.runners.statements.RunAfters.evaluate(RunAfters.java:33)\r\n\t\tat org.junit.runners.ParentRunner$3.evaluate(ParentRunner.java:306)\r\n\t\tat org.junit.runners.BlockJUnit4ClassRunner$1.evaluate(BlockJUnit4ClassRunner.java:100)\r\n\t\tat org.junit.runners.ParentRunner.runLeaf(ParentRunner.java:366)\r\n\t\t... 29 more\r\n"},"stage":"finished","description":"","steps":[],"attachments":[],"parameters":[],"start":1688743190477,"stop":1688743194379}